2025-05-10 22:40:29,005 - index_server - INFO - Processing file: data/Alert_Event_Data.gz
2025-05-10 22:40:29,042 - event_processor - INFO - Performance metrics: 1020 events in 0.04 seconds (27631.79 events/sec)
2025-05-10 22:40:29,042 - index_server - INFO - Processed 1020 events
2025-05-10 22:40:29,042 - index_server - INFO - Starting server on localhost:8080
2025-05-10 22:40:29,050 - werkzeug - INFO - [31m[1mWARNING: This is a development server. Do not use it in a production deployment. Use a production WSGI server instead.[0m
 * Running on http://localhost:8080
2025-05-10 22:40:29,050 - werkzeug - INFO - [33mPress CTRL+C to quit[0m
2025-05-10 22:40:55,446 - index_server - INFO - Request method: GET
2025-05-10 22:40:55,446 - index_server - INFO - Request headers: {'Host': 'localhost:8080', 'User-Agent': 'python-requests/2.32.3', 'Accept-Encoding': 'gzip, deflate', 'Accept': '*/*', 'Connection': 'keep-alive', 'Content-Type': 'application/json'}
2025-05-10 22:40:55,446 - index_server - INFO - Request args: {'dimension': 'type', 'top': '5'}
2025-05-10 22:40:55,446 - index_server - INFO - Processing query: dimension=type, top=5
2025-05-10 22:40:55,446 - query_engine - ERROR - Error querying dimension type: Dimension type not registered
2025-05-10 22:40:55,446 - index_server - ERROR - Error processing query: Dimension type not registered
2025-05-10 22:40:55,447 - werkzeug - INFO - 127.0.0.1 - - [10/May/2025 22:40:55] "[35m[1mGET /query?dimension=type&top=5 HTTP/1.1[0m" 500 -
2025-05-10 22:40:55,450 - index_server - INFO - Request method: POST
2025-05-10 22:40:55,450 - index_server - INFO - Request headers: {'Host': 'localhost:8080', 'User-Agent': 'python-requests/2.32.3', 'Accept-Encoding': 'gzip, deflate', 'Accept': '*/*', 'Connection': 'keep-alive', 'Content-Type': 'application/json', 'Content-Length': '31'}
2025-05-10 22:40:55,450 - index_server - INFO - Request args: {}
2025-05-10 22:40:55,450 - index_server - INFO - Processing query: dimension=type, top=5
2025-05-10 22:40:55,450 - query_engine - ERROR - Error querying dimension type: Dimension type not registered
2025-05-10 22:40:55,450 - index_server - ERROR - Error processing query: Dimension type not registered
2025-05-10 22:40:55,450 - werkzeug - INFO - 127.0.0.1 - - [10/May/2025 22:40:55] "[35m[1mPOST /query HTTP/1.1[0m" 500 -
2025-05-10 22:40:55,452 - index_server - INFO - Request method: GET
2025-05-10 22:40:55,452 - index_server - INFO - Request headers: {'Host': 'localhost:8080', 'User-Agent': 'python-requests/2.32.3', 'Accept-Encoding': 'gzip, deflate', 'Accept': '*/*', 'Connection': 'keep-alive'}
2025-05-10 22:40:55,453 - index_server - INFO - Request args: {'dimension': 'type', 'top': '5'}
2025-05-10 22:40:55,453 - index_server - INFO - Processing query: dimension=type, top=5
2025-05-10 22:40:55,453 - query_engine - ERROR - Error querying dimension type: Dimension type not registered
2025-05-10 22:40:55,453 - index_server - ERROR - Error processing query: Dimension type not registered
2025-05-10 22:40:55,453 - werkzeug - INFO - 127.0.0.1 - - [10/May/2025 22:40:55] "[35m[1mGET /query?dimension=type&top=5 HTTP/1.1[0m" 500 -
2025-05-10 22:41:25,371 - index_server - INFO - Request method: GET
2025-05-10 22:41:25,371 - index_server - INFO - Request headers: {'Host': 'localhost:8080', 'User-Agent': 'python-requests/2.32.3', 'Accept-Encoding': 'gzip, deflate', 'Accept': '*/*', 'Connection': 'keep-alive', 'Content-Type': 'application/json'}
2025-05-10 22:41:25,372 - index_server - INFO - Request args: {'dimension': 'host', 'top': '5'}
2025-05-10 22:41:25,372 - index_server - INFO - Processing query: dimension=host, top=5
2025-05-10 22:41:25,372 - werkzeug - INFO - 127.0.0.1 - - [10/May/2025 22:41:25] "GET /query?dimension=host&top=5 HTTP/1.1" 200 -
2025-05-10 22:41:25,374 - index_server - INFO - Request method: GET
2025-05-10 22:41:25,374 - index_server - INFO - Request headers: {'Host': 'localhost:8080', 'User-Agent': 'python-requests/2.32.3', 'Accept-Encoding': 'gzip, deflate', 'Accept': '*/*', 'Connection': 'keep-alive'}
2025-05-10 22:41:25,374 - index_server - INFO - Request args: {'dimension': 'host', 'top': '5'}
2025-05-10 22:41:25,374 - index_server - INFO - Processing query: dimension=host, top=5
2025-05-10 22:41:25,374 - werkzeug - INFO - 127.0.0.1 - - [10/May/2025 22:41:25] "GET /query?dimension=host&top=5 HTTP/1.1" 200 -
